1530b884 size=72      mtime=1209304719 ./.gdbinit
2d61c3cb size=1880    mtime=1209418312 ./Changes
fed0c352 size=18945   mtime=1106593216 ./LICENSING.NOTICE
384c2389 size=32      mtime=1209251274 ./LINUX
bc42f9b3 size=459     mtime=1209411410 ./Packages
86f2420d size=2695    mtime=1209251926 ./README
33ab730b size=5236    mtime=1209210953 ./cmd/dtrace/checksum.lst
6982558d size=2106    mtime=1106592637 ./cmd/dtrace/demo/Makefile
058f3427 size=245     mtime=1106592635 ./cmd/dtrace/demo/act/time.d
dc43cec4 size=220     mtime=1106592636 ./cmd/dtrace/demo/agg/clear.d
d813e106 size=619     mtime=1106592636 ./cmd/dtrace/demo/agg/dateprof.d
2496d79e size=360     mtime=1106592636 ./cmd/dtrace/demo/agg/denorm.d
6afc5e21 size=71      mtime=1106592636 ./cmd/dtrace/demo/agg/lquantize.d
bcce1584 size=365     mtime=1106592636 ./cmd/dtrace/demo/agg/normalize.d
1186ce36 size=188     mtime=1106592636 ./cmd/dtrace/demo/agg/renormalize.d
e2bab2bc size=239     mtime=1106592636 ./cmd/dtrace/demo/agg/trunc.d
ac4d67e3 size=67      mtime=1106592636 ./cmd/dtrace/demo/agg/writes.d
d98f0100 size=55      mtime=1106592636 ./cmd/dtrace/demo/agg/writesbycmd.d
6537693e size=61      mtime=1106592636 ./cmd/dtrace/demo/agg/writesbycmdfd.d
03a3ae0a size=147     mtime=1106592636 ./cmd/dtrace/demo/agg/writetime.d
89448fe6 size=152     mtime=1106592636 ./cmd/dtrace/demo/agg/writetimeq.d
9d4aa5d4 size=115     mtime=1106592637 ./cmd/dtrace/demo/anon/iprb.d
2154cf23 size=154     mtime=1106592637 ./cmd/dtrace/demo/buf/ring.d
63ffb7e5 size=2092    mtime=1106592637 ./cmd/dtrace/demo/chapters
3bf34b3d size=229     mtime=1106592637 ./cmd/dtrace/demo/dtrace/begin.d
9f5effdf size=145     mtime=1106592637 ./cmd/dtrace/demo/dtrace/end.d
75d1f5bb size=63      mtime=1106592637 ./cmd/dtrace/demo/dtrace/error.d
cd8dc980 size=197     mtime=1106592637 ./cmd/dtrace/demo/fbt/delay.d
a33a058d size=91      mtime=1106592637 ./cmd/dtrace/demo/fbt/putnext.d
f04067e3 size=83      mtime=1106592637 ./cmd/dtrace/demo/fbt/ssd.d
3eac01af size=415     mtime=1106592637 ./cmd/dtrace/demo/fbt/xioctl.d
e4ab6c81 size=139     mtime=1106592638 ./cmd/dtrace/demo/intro/countdown.d
858bccf7 size=165     mtime=1106592638 ./cmd/dtrace/demo/intro/counter.d
f0862258 size=44      mtime=1106592637 ./cmd/dtrace/demo/intro/hello.d
7a5c2082 size=217     mtime=1106592638 ./cmd/dtrace/demo/intro/rwtime.d
a16d109c size=208     mtime=1106592638 ./cmd/dtrace/demo/intro/trussrw.d
77a39b6d size=179     mtime=1106592638 ./cmd/dtrace/demo/io/applicat.d
046280da size=649     mtime=1106592638 ./cmd/dtrace/demo/io/iocpu.d
b8759753 size=219     mtime=1106592638 ./cmd/dtrace/demo/io/iosnoop.d
45359efa size=1208    mtime=1106592638 ./cmd/dtrace/demo/io/iothrough.d
26fed8a9 size=531     mtime=1106592638 ./cmd/dtrace/demo/io/iotime.d
5a3f156e size=220     mtime=1106592638 ./cmd/dtrace/demo/io/whoio.d
d8487d77 size=207     mtime=1106592638 ./cmd/dtrace/demo/io/whowrite.d
93b9cd24 size=161     mtime=1106592638 ./cmd/dtrace/demo/lockstat/whatlock.d
b28da8ac size=5185    mtime=1106592635 ./cmd/dtrace/demo/mkdemo.pl
946d73c2 size=84      mtime=1106592639 ./cmd/dtrace/demo/out/printa.d
7057b1af size=161     mtime=1106592639 ./cmd/dtrace/demo/proc/lwptime.d
018c3873 size=142     mtime=1106592639 ./cmd/dtrace/demo/proc/progtime.d
10f6080b size=230     mtime=1106592639 ./cmd/dtrace/demo/proc/sig.d
89f72109 size=346     mtime=1106592639 ./cmd/dtrace/demo/proc/whoexec.d
d7fb7b92 size=179     mtime=1106592639 ./cmd/dtrace/demo/profile/prof.d
7703d7bc size=92      mtime=1106592639 ./cmd/dtrace/demo/profile/profpri.d
1d14ecc1 size=585     mtime=1106592639 ./cmd/dtrace/demo/profile/restest.d
cb6398d9 size=527     mtime=1106592639 ./cmd/dtrace/demo/sched/firebird.d
2b556a64 size=310     mtime=1106592640 ./cmd/dtrace/demo/sched/howlong.d
8a7f6ae3 size=403     mtime=1106592639 ./cmd/dtrace/demo/sched/nscd.d
34f54d31 size=113     mtime=1106592640 ./cmd/dtrace/demo/sched/pri.d
c27df7d0 size=213     mtime=1106592640 ./cmd/dtrace/demo/sched/pritime.d
d345ab91 size=180     mtime=1106592640 ./cmd/dtrace/demo/sched/qlen.d
ae8f948e size=144     mtime=1106592640 ./cmd/dtrace/demo/sched/qtime.d
30b7ae87 size=96      mtime=1106592639 ./cmd/dtrace/demo/sched/tick.d
387a3830 size=130     mtime=1106592640 ./cmd/dtrace/demo/sched/ticktime.d
4569d017 size=863     mtime=1106592640 ./cmd/dtrace/demo/sched/whatfor.d
e88deebf size=131     mtime=1106592640 ./cmd/dtrace/demo/sched/where.d
49a5177a size=465     mtime=1106592639 ./cmd/dtrace/demo/sched/whererun.d
4ca34b2a size=387     mtime=1106592640 ./cmd/dtrace/demo/sched/whofor.d
ff4cdd1c size=506     mtime=1106592640 ./cmd/dtrace/demo/sched/whopreempt.d
88a0c11f size=1494    mtime=1106592641 ./cmd/dtrace/demo/sched/whoqueue.d
bcbb7c37 size=271     mtime=1106592640 ./cmd/dtrace/demo/sched/whosteal.d
5ef4c88a size=238     mtime=1106592640 ./cmd/dtrace/demo/sched/xterm.d
198ba0f1 size=247     mtime=1106592641 ./cmd/dtrace/demo/sched/xwork.d
4d933682 size=60      mtime=1106592641 ./cmd/dtrace/demo/script/interp.d
22457391 size=62      mtime=1106592641 ./cmd/dtrace/demo/script/syscall.d
f63d3638 size=60      mtime=1106592641 ./cmd/dtrace/demo/script/tracewrite.d
8751d0ad size=169     mtime=1106592641 ./cmd/dtrace/demo/sdt/callout.d
5909e717 size=577     mtime=1106592641 ./cmd/dtrace/demo/sdt/interval.d
7418c467 size=242     mtime=1106592641 ./cmd/dtrace/demo/sdt/intr.d
d557fd3f size=138     mtime=1106592641 ./cmd/dtrace/demo/spec/spec.d
b8a6de83 size=1492    mtime=1106592641 ./cmd/dtrace/demo/spec/specopen.d
07545f7a size=412     mtime=1106592641 ./cmd/dtrace/demo/struct/kstat.d
5ed2717e size=700     mtime=1106592641 ./cmd/dtrace/demo/struct/ksyms.d
b742388a size=955     mtime=1106592641 ./cmd/dtrace/demo/struct/rwinfo.d
9b86d400 size=1962    mtime=1099337326 ./cmd/dtrace/demo/sunlogo.gif
3e50c253 size=261     mtime=1106592642 ./cmd/dtrace/demo/sysinfo/find.d
0d942f49 size=184     mtime=1106592642 ./cmd/dtrace/demo/user/badopen.d
ef728c6e size=356     mtime=1106592642 ./cmd/dtrace/demo/user/errorpath.d
886f9741 size=55      mtime=1106592642 ./cmd/dtrace/demo/user/libc.d
6f0112f6 size=141     mtime=1106592642 ./cmd/dtrace/demo/user/userfunc.d
a6f48258 size=728     mtime=1106592642 ./cmd/dtrace/demo/vars/clause.d
2da40423 size=327     mtime=1106592642 ./cmd/dtrace/demo/vars/rtime.d
6569bd71 size=627     mtime=1106592642 ./cmd/dtrace/demo/vminfo/soffice.d
c710cec0 size=1528057 mtime=1209417246 ./cmd/dtrace/dtrace
a6fae6d9 size=35860   mtime=1209290699 ./cmd/dtrace/dtrace.c
86583659 size=652     mtime=1209307499 ./cmd/dtrace/makefile
118f26ce size=801     mtime=1106592642 ./cmd/intrstat/Makefile
0cba365e size=801     mtime=1106592642 ./cmd/intrstat/Makefile.com
e9a8ff89 size=440     mtime=1106592642 ./cmd/intrstat/amd64/Makefile
59a2f617 size=407     mtime=1106592642 ./cmd/intrstat/i386/Makefile
d914c9ef size=12236   mtime=1106592643 ./cmd/intrstat/intrstat.c
34280034 size=437     mtime=1106592643 ./cmd/intrstat/sparcv9/Makefile
b36ed747 size=542     mtime=1106592643 ./cmd/isaexec/Makefile
134992e6 size=2819    mtime=1106592643 ./cmd/isaexec/isaexec.c
2bab634d size=801     mtime=1106592643 ./cmd/lockstat/Makefile
c9b1e75a size=896     mtime=1106592643 ./cmd/lockstat/Makefile.com
cf17245d size=462     mtime=1106592643 ./cmd/lockstat/amd64/Makefile
72a14d7b size=409     mtime=1106592643 ./cmd/lockstat/i386/Makefile
66121645 size=43460   mtime=1106592643 ./cmd/lockstat/lockstat.c
e2314421 size=461     mtime=1106592643 ./cmd/lockstat/sparcv9/Makefile
4348d6b4 size=4724    mtime=1106592643 ./cmd/lockstat/sym.c
c2984bb4 size=776     mtime=1106592644 ./cmd/plockstat/Makefile
afe4fc5c size=699     mtime=1106592644 ./cmd/plockstat/Makefile.com
eead029c size=437     mtime=1106592643 ./cmd/plockstat/amd64/Makefile
a5daebe8 size=407     mtime=1106592644 ./cmd/plockstat/i386/Makefile
33168c2a size=16766   mtime=1106592644 ./cmd/plockstat/plockstat.c
46e8a1cd size=437     mtime=1106592644 ./cmd/plockstat/sparcv9/Makefile
c58aafdb size=33949   mtime=1106592644 ./common/ctf/ctf_create.c
84600859 size=3484    mtime=1106592644 ./common/ctf/ctf_error.c
75f6c04f size=3302    mtime=1106592644 ./common/ctf/ctf_hash.c
bd563475 size=10809   mtime=1106592644 ./common/ctf/ctf_impl.h
b4880c3f size=3340    mtime=1106592644 ./common/ctf/ctf_labels.c
d5e8c845 size=7680    mtime=1106592644 ./common/ctf/ctf_lookup.c
b160a05d size=26172   mtime=1106592644 ./common/ctf/ctf_open.c
c402aed2 size=22253   mtime=1209331201 ./common/ctf/ctf_types.c
b43bc101 size=2692    mtime=1106592645 ./common/ctf/ctf_util.c
00000000 size=0       mtime=1207434066 ./drivers/ctf/.ctf_mod.o.d
0fa20738 size=194     mtime=1207434016 ./drivers/ctf/Makefile
2f5ded49 size=4954    mtime=1207434063 ./drivers/ctf/ctf_mod.c
f1591f15 size=1567    mtime=1207386346 ./drivers/ctf/ctf_subr.c
dbf672d7 size=63      mtime=1207426157 ./drivers/ctf/make-me
340ba4c1 size=1430    mtime=1207386346 ./drivers/ctf/mapfile
9f616cb6 size=686     mtime=1209293601 ./drivers/dtrace/Makefile
00000000 size=0       mtime=1208298370 ./drivers/dtrace/Module.symvers
17787deb size=534     mtime=1209200494 ./drivers/dtrace/checksum.lst
294d994f size=337907  mtime=1209324145 ./drivers/dtrace/dtrace.c
94224da0 size=6493    mtime=1208631037 ./drivers/dtrace/dtrace_asm.c
95e2691f size=6716    mtime=1208466971 ./drivers/dtrace/dtrace_asm.s
15ec9e17 size=17878   mtime=1209324152 ./drivers/dtrace/dtrace_ioctl.c
a264f03a size=15206   mtime=1208559616 ./drivers/dtrace/dtrace_isa.c
0a473340 size=7107    mtime=1209318051 ./drivers/dtrace/dtrace_linux.c
39e12f63 size=4853    mtime=1209302040 ./drivers/dtrace/dtrace_linux.h
6bdd04a8 size=8713    mtime=1208724671 ./drivers/dtrace/dtrace_subr.c
6f4ce7b9 size=599     mtime=1209302548 ./drivers/fasttrap/Makefile
00000000 size=0       mtime=1209302612 ./drivers/fasttrap/Module.symvers
c9e83bce size=62324   mtime=1209301111 ./drivers/fasttrap/fasttrap.c
6d34bc62 size=2773    mtime=1209302610 ./drivers/fasttrap/fasttrap_linux.c
00000000 size=0       mtime=1207475588 ./drivers/include/features.h
00000000 size=0       mtime=1207490163 ./drivers/include/sys/atomic.h
00000000 size=0       mtime=1207490168 ./drivers/include/sys/cmn_err.h
f9288166 size=2557    mtime=1207504852 ./drivers/include/sys/cpuvar_defs.h
00000000 size=0       mtime=1207492681 ./drivers/include/sys/cred_impl.h
03ba542e size=7853    mtime=1206886091 ./drivers/include/sys/int_limits.h
00000000 size=0       mtime=1206909027 ./drivers/include/sys/int_types.h
00000000 size=0       mtime=1207492664 ./drivers/include/sys/mutex_impl.h
00000000 size=0       mtime=1207490172 ./drivers/include/sys/panic.h
00000000 size=0       mtime=1207492677 ./drivers/include/sys/policy.h
00000000 size=0       mtime=1207492675 ./drivers/include/sys/priv_impl.h
00000000 size=0       mtime=1207492669 ./drivers/include/sys/rwlock_impl.h
779da9c0 size=11131   mtime=1209305000 ./drivers/include/sys/stdint.h
00000000 size=0       mtime=1207492689 ./drivers/include/sys/taskq.h
0d983f63 size=25      mtime=1208717953 ./drivers/include/sys/time.h
1e973745 size=2601    mtime=1206909006 ./drivers/include/sys/types32.h
00000000 size=0       mtime=1207492694 ./drivers/include/sys/zone.h
00000000 size=0       mtime=1207475599 ./drivers/include/zone.h
96b02885 size=136     mtime=1209302517 ./drivers/make-me
b720957c size=12868   mtime=1207775958 ./libctf/ctf_lib.c
b25b8131 size=1802    mtime=1207775982 ./libctf/ctf_subr.c
4bfecbb5 size=1837    mtime=1207776043 ./libctf/libctf.h
ae64217e size=417     mtime=1106592645 ./libctf/llib-lctf
ad8c06dd size=1875    mtime=1209236111 ./libctf/makefile
81c36e4e size=24      mtime=1208688217 ./libdtrace/Makefile
ee88da66 size=4029    mtime=1106592652 ./libdtrace/Makefile.com
30e414e7 size=3484    mtime=1209211015 ./libdtrace/common/checksum.lst
4aa21e91 size=3118    mtime=1106592646 ./libdtrace/common/drti.c
0b994dd4 size=21755   mtime=1206882826 ./libdtrace/common/dt_aggregate.c
bd5d5d6f size=10683   mtime=1206886172 ./libdtrace/common/dt_as.c
f6341fad size=1340    mtime=1106592646 ./libdtrace/common/dt_as.h
e623d2da size=57016   mtime=1206886333 ./libdtrace/common/dt_cc.c
049b9407 size=54798   mtime=1206886469 ./libdtrace/common/dt_cg.c
845625e2 size=35145   mtime=1206886503 ./libdtrace/common/dt_consume.c
3df971de size=28847   mtime=1206886592 ./libdtrace/common/dt_decl.c
343893b0 size=3399    mtime=1106592647 ./libdtrace/common/dt_decl.h
4e522e80 size=14176   mtime=1206886611 ./libdtrace/common/dt_dis.c
9305a8d8 size=31670   mtime=1206886622 ./libdtrace/common/dt_dof.c
05cb784c size=6764    mtime=1209290993 ./libdtrace/common/dt_error.c
617eeb2b size=11061   mtime=1207605061 ./libdtrace/common/dt_errtags.c
9fbf0320 size=11031   mtime=1106592647 ./libdtrace/common/dt_errtags.h
5fc357c5 size=2798    mtime=1209418099 ./libdtrace/common/dt_grammar.h
50bcb009 size=21264   mtime=1209307895 ./libdtrace/common/dt_grammar.y
958548a3 size=8218    mtime=1206886672 ./libdtrace/common/dt_handle.c
b21764ba size=23519   mtime=1206886684 ./libdtrace/common/dt_ident.c
d08460d1 size=6693    mtime=1106592648 ./libdtrace/common/dt_ident.h
70bf575c size=28121   mtime=1209211641 ./libdtrace/common/dt_impl.h
b9086680 size=2029    mtime=1206886737 ./libdtrace/common/dt_inttab.c
a0029a59 size=1714    mtime=1106592652 ./libdtrace/common/dt_inttab.h
fa883d69 size=22175   mtime=1207774524 ./libdtrace/common/dt_lex.l
827f5769 size=21455   mtime=1207693878 ./libdtrace/common/dt_lex.l.orig
eda733a5 size=28591   mtime=1209418154 ./libdtrace/common/dt_link.c
bcc4e354 size=2120    mtime=1209418160 ./libdtrace/common/dt_list.c
425038ea size=936     mtime=1106592649 ./libdtrace/common/dt_list.h
45c539c1 size=8927    mtime=1106592649 ./libdtrace/common/dt_map.c
88aa78a4 size=33675   mtime=1207602177 ./libdtrace/common/dt_module.c
2d959285 size=1168    mtime=1106592649 ./libdtrace/common/dt_module.h
6b8ab4d5 size=46829   mtime=1209306642 ./libdtrace/common/dt_open.c
003a790e size=19060   mtime=1206886879 ./libdtrace/common/dt_options.c
a2c55d53 size=129390  mtime=1209316746 ./libdtrace/common/dt_parser.c
8a2ff222 size=9559    mtime=1106592649 ./libdtrace/common/dt_parser.h
701669d8 size=15029   mtime=1206886867 ./libdtrace/common/dt_pid.c
5d2df77a size=1237    mtime=1106592650 ./libdtrace/common/dt_pid.h
694d93df size=12448   mtime=1106592650 ./libdtrace/common/dt_pragma.c
8565d1b8 size=41566   mtime=1207260416 ./libdtrace/common/dt_printf.c
a5725305 size=4110    mtime=1106592650 ./libdtrace/common/dt_printf.h
475827d4 size=31258   mtime=1106592650 ./libdtrace/common/dt_proc.c
fefe33a4 size=3689    mtime=1106592650 ./libdtrace/common/dt_proc.h
63cba388 size=6917    mtime=1206896367 ./libdtrace/common/dt_program.c
7360cd97 size=5761    mtime=1206896345 ./libdtrace/common/dt_provider.c
cf1689f0 size=2270    mtime=1106592650 ./libdtrace/common/dt_provider.h
9dade179 size=1906    mtime=1207261158 ./libdtrace/common/dt_regset.c
ce9f13e4 size=909     mtime=1106592650 ./libdtrace/common/dt_regset.h
e51d606f size=5550    mtime=1106592650 ./libdtrace/common/dt_string.c
b38ea7af size=840     mtime=1106592651 ./libdtrace/common/dt_string.h
24c6e0c0 size=5066    mtime=1206896247 ./libdtrace/common/dt_strtab.c
f5f61811 size=1768    mtime=1106592651 ./libdtrace/common/dt_strtab.h
830d1582 size=16761   mtime=1206896196 ./libdtrace/common/dt_subr.c
9aa2ecf1 size=4609    mtime=1206896180 ./libdtrace/common/dt_work.c
a6d8a637 size=6184    mtime=1206892500 ./libdtrace/common/dt_xlator.c
5bec2110 size=2092    mtime=1106592651 ./libdtrace/common/dt_xlator.h
5ff8a589 size=20445   mtime=1106592651 ./libdtrace/common/dtrace.h
39eefab7 size=4181    mtime=1106592649 ./libdtrace/common/io.d.in
d551135e size=957     mtime=1106592651 ./libdtrace/common/io.sed.in
c9240951 size=420     mtime=1106592651 ./libdtrace/common/llib-ldtrace
7b90ca9b size=1841    mtime=1209418177 ./libdtrace/common/makefile
def4844b size=931     mtime=1106592651 ./libdtrace/common/mkerrno.sh
694c1e7c size=1106    mtime=1207602685 ./libdtrace/common/mkerrtags.sh
6343e7a6 size=955     mtime=1106592652 ./libdtrace/common/mksignal.sh
ae97b196 size=13185   mtime=1106592652 ./libdtrace/common/procfs.d.in
00c6d232 size=3303    mtime=1106592652 ./libdtrace/common/procfs.sed.in
1e988ed7 size=2104    mtime=1106592649 ./libdtrace/common/sched.d
e55a1cae size=1267    mtime=1106592652 ./libdtrace/common/unistd.d
71e8d20c size=1002    mtime=1106592652 ./libdtrace/i386/Makefile
dedf8454 size=626     mtime=1106592652 ./libdtrace/i386/dt_asmsubr.s
be78b30c size=11616   mtime=1106592653 ./libdtrace/i386/dt_isadep.c
0d8b3de1 size=2774    mtime=1106592652 ./libdtrace/i386/regs.d.in
f6ea45fa size=1684    mtime=1106592653 ./libdtrace/i386/regs.sed.in
56a058b3 size=558     mtime=1106592653 ./libdtrace/sparc/Makefile
93b0ec84 size=596     mtime=1106592653 ./libdtrace/sparc/dt_asmsubr.s
df7cb262 size=6639    mtime=1106592653 ./libdtrace/sparc/dt_isadep.c
3878c78e size=2625    mtime=1106592653 ./libdtrace/sparc/regs.d
e89d844b size=629     mtime=1106592653 ./libdtrace/sparcv9/Makefile
09e3e9a0 size=386     mtime=1106592653 ./libdtrace/spec/Makefile
236579fe size=418     mtime=1106592653 ./libdtrace/spec/Makefile.targ
2ba3afd1 size=604     mtime=1106592653 ./libdtrace/spec/amd64/Makefile
3a8ad556 size=5157    mtime=1106592653 ./libdtrace/spec/dtrace.spec
2d6c7cbd size=562     mtime=1106592653 ./libdtrace/spec/i386/Makefile
4bac28dc size=564     mtime=1106592654 ./libdtrace/spec/sparc/Makefile
53343029 size=601     mtime=1106592654 ./libdtrace/spec/sparcv9/Makefile
26d2b6b1 size=467     mtime=1106592654 ./libdtrace/spec/versions
861790c6 size=84828   mtime=1207339541 ./liblinux/Psymtab.c
129bd3b4 size=3325    mtime=1207339747 ./liblinux/Putil.c
bdddd1e3 size=93      mtime=1207769009 ./liblinux/gmatch.c
84ab51a4 size=405     mtime=1209235424 ./liblinux/makefile
7fd6e08c size=2670    mtime=1209305172 ./liblinux/proc.c
c6eec312 size=15563   mtime=1207346437 ./liblinux/proc_names.c
d4b66db2 size=1763    mtime=1207602319 ./liblinux/strlcpy.c
49b1ed99 size=1540    mtime=1106592654 ./libproc/Makefile
4d5a0f92 size=1601    mtime=1106592658 ./libproc/Makefile.com
da503e97 size=474     mtime=1106592654 ./libproc/amd64/Makefile
528302d7 size=13669   mtime=1106592654 ./libproc/amd64/Pisadep.c
9b41f69e size=21681   mtime=1209285040 ./libproc/common/P32ton.c
e4960656 size=2363    mtime=1206912158 ./libproc/common/P32ton.h
22e3364b size=82840   mtime=1207082685 ./libproc/common/Pcontrol.c
90c7ed61 size=9312    mtime=1209285272 ./libproc/common/Pcontrol.h
6c9a1ea2 size=52587   mtime=1209285261 ./libproc/common/Pcore.c
0e6af0b9 size=7509    mtime=1106592655 ./libproc/common/Pexecname.c
6ddf4ec2 size=37166   mtime=1106592655 ./libproc/common/Pgcore.c
7137e930 size=5557    mtime=1207086373 ./libproc/common/Pidle.c
870728c7 size=2519    mtime=1106592654 ./libproc/common/Pisadep.h
e5d1d383 size=10170   mtime=1106592655 ./libproc/common/Plwpregs.c
397ede0a size=4512    mtime=1106592655 ./libproc/common/Pscantext.c
dbbe68cd size=8319    mtime=1106592655 ./libproc/common/Pservice.c
40e03e12 size=8662    mtime=1207086529 ./libproc/common/Pstack.c
5bfb5808 size=1174    mtime=1106592655 ./libproc/common/Pstack.h
861790c6 size=84828   mtime=1106592655 ./libproc/common/Psymtab.c
13ed43d7 size=13325   mtime=1106592655 ./libproc/common/Psyscall.c
129bd3b4 size=3325    mtime=1106592656 ./libproc/common/Putil.c
ee2b5950 size=1244    mtime=1106592656 ./libproc/common/Putil.h
f41ec6a7 size=27538   mtime=1207086663 ./libproc/common/libproc.h
0e37dfc3 size=15076   mtime=1106592656 ./libproc/common/llib-lproc
7b54a70c size=1122    mtime=1209285123 ./libproc/common/makefile
2556a6fd size=2018    mtime=1106592656 ./libproc/common/pr_door.c
ca11bce0 size=1999    mtime=1106592656 ./libproc/common/pr_exit.c
5f8a1692 size=2626    mtime=1207086967 ./libproc/common/pr_fcntl.c
1007cb36 size=3749    mtime=1106592656 ./libproc/common/pr_getitimer.c
4fd3766c size=4010    mtime=1106592656 ./libproc/common/pr_getrctl.c
e4c7b312 size=4752    mtime=1106592656 ./libproc/common/pr_getrlimit.c
60acb80d size=3931    mtime=1207089766 ./libproc/common/pr_getsockname.c
1ededade size=1632    mtime=1106592657 ./libproc/common/pr_ioctl.c
fabac5e9 size=4119    mtime=1106592657 ./libproc/common/pr_lseek.c
2b48b655 size=2379    mtime=1106592657 ./libproc/common/pr_memcntl.c
494e8c6b size=3731    mtime=1106592657 ./libproc/common/pr_meminfo.c
f8ad09ba size=3082    mtime=1106592657 ./libproc/common/pr_mmap.c
ebf03ac1 size=3838    mtime=1106592657 ./libproc/common/pr_open.c
e1fcb8f1 size=3201    mtime=1106592657 ./libproc/common/pr_pbind.c
79dd80d9 size=2573    mtime=1106592657 ./libproc/common/pr_rename.c
adb7a814 size=2618    mtime=1106592657 ./libproc/common/pr_sigaction.c
9484b378 size=12245   mtime=1207165846 ./libproc/common/pr_stat.c
3aa9afee size=3693    mtime=1207170348 ./libproc/common/pr_statvfs.c
80143386 size=3156    mtime=1106592657 ./libproc/common/pr_tasksys.c
70d8543b size=2158    mtime=1106592658 ./libproc/common/pr_waitid.c
b899b8c8 size=10332   mtime=1207172761 ./libproc/common/proc_arg.c
8e19e5f6 size=4112    mtime=1106592658 ./libproc/common/proc_get_info.c
bf1b1cc9 size=15388   mtime=1207345524 ./libproc/common/proc_names.c
db3c9725 size=1544    mtime=1106592655 ./libproc/common/proc_set.c
e7cf5cd9 size=2848    mtime=1106592658 ./libproc/common/proc_stdio.c
d88350ee size=426     mtime=1106592658 ./libproc/i386/Makefile
f832a1d3 size=7459    mtime=1106592658 ./libproc/i386/Pisadep.c
4244d98b size=425     mtime=1106592658 ./libproc/sparc/Makefile
177b177e size=8202    mtime=1106592658 ./libproc/sparc/Pisadep.c
2095bfec size=474     mtime=1106592658 ./libproc/sparcv9/Makefile
a8273125 size=12660   mtime=1106592658 ./libproc/sparcv9/Pisadep.c
1cd39e46 size=414     mtime=1106592659 ./libproc/spec/Makefile
f9308b29 size=434     mtime=1106592659 ./libproc/spec/Makefile.targ
742eed9b size=642     mtime=1106592659 ./libproc/spec/amd64/Makefile
76ecbf8a size=636     mtime=1106592659 ./libproc/spec/i386/Makefile
a34b5743 size=15990   mtime=1106592659 ./libproc/spec/proc.spec
2bd6ea3f size=638     mtime=1106592659 ./libproc/spec/sparc/Makefile
7a1dd607 size=679     mtime=1106592659 ./libproc/spec/sparcv9/Makefile
ec7ced1e size=1083    mtime=1106592659 ./libproc/spec/versions
e512bd85 size=3199    mtime=1209211139 ./linux/checksum.lst
0ebf8c08 size=1078    mtime=1207086786 ./linux/door.h
4f86ff9c size=946     mtime=1207076895 ./linux/ieeefp.h
d8c1038c size=374     mtime=1207260980 ./linux/link.h
779da9c0 size=11131   mtime=1209305000 ./linux/linux_types.h
da79045e size=23      mtime=1207085716 ./linux/priv.h
34338239 size=505     mtime=1207086499 ./linux/proc_service.h
918004c3 size=25      mtime=1206901288 ./linux/procfs.h
00000000 size=0       mtime=1207170415 ./linux/project.h
fa0c0bd3 size=34      mtime=1206902380 ./linux/rctl.h
b8296b4a size=3518    mtime=1207263006 ./linux/rtld_db.h
1a1c31cd size=59      mtime=1207077188 ./linux/stdio.h
ffc5f2e6 size=21      mtime=1209290977 ./linux/strings.h
8d27f39a size=181     mtime=1207082270 ./linux/synch.h
2a85bda1 size=950     mtime=1207085447 ./linux/sys/auxv.h
baaf5624 size=1421    mtime=1207261242 ./linux/sys/bitmap.h
6874e73b size=2467    mtime=1207082038 ./linux/sys/corectl.h
0cc9f88c size=1165    mtime=1208034852 ./linux/sys/cpupart.h
d0117e9f size=2320    mtime=1208815170 ./linux/sys/cpuvar.h
a1d2e4a0 size=324     mtime=1208707873 ./linux/sys/cred.h
0b02ef70 size=2640    mtime=1208718013 ./linux/sys/cyclic.h
fd7df395 size=1497    mtime=1209285219 ./linux/sys/elf.h
2c084269 size=3531    mtime=1209228281 ./linux/sys/elf_amd64.h
4af90489 size=40      mtime=1206886445 ./linux/sys/fasttrap_isa.h
f6883943 size=2503    mtime=1207076954 ./linux/sys/fault.h
00000000 size=0       mtime=1206908416 ./linux/sys/fp.h
03ba542e size=7853    mtime=1206886091 ./linux/sys/int_limits.h
00000000 size=0       mtime=1206909027 ./linux/sys/int_types.h
492ce3a1 size=26      mtime=1207165330 ./linux/sys/isa_defs.h
00000000 size=0       mtime=1207602026 ./linux/sys/kobj.h
00000000 size=0       mtime=1207602030 ./linux/sys/kobj_impl.h
00000000 size=0       mtime=1207086812 ./linux/sys/lwp.h
00000000 size=0       mtime=1207085671 ./linux/sys/machelf.h
feec95f2 size=859     mtime=1206991675 ./linux/sys/mkdev.h
00000000 size=0       mtime=1206882789 ./linux/sys/modctl.h
795d3162 size=88      mtime=1207602016 ./linux/sys/objfs.h
c49041a4 size=10237   mtime=1207086145 ./linux/sys/old_procfs.h
489998ce size=991     mtime=1207173754 ./linux/sys/priv.h
0b35fe11 size=396     mtime=1207086050 ./linux/sys/proc.h
377e31ce size=972     mtime=1207172814 ./linux/sys/processor.h
eca86124 size=27209   mtime=1207173645 ./linux/sys/procfs.h
819eb14d size=2814    mtime=1207085514 ./linux/sys/procfs_isa.h
c3a3d9e2 size=1588    mtime=1207170533 ./linux/sys/procset.h
00000000 size=0       mtime=1207170363 ./linux/sys/project.h
7944fceb size=420     mtime=1207165087 ./linux/sys/pset.h
b13ff615 size=3321    mtime=1207084869 ./linux/sys/regset.h
98b0aa85 size=7964    mtime=1209245341 ./linux/sys/signal.h
c163e635 size=4352    mtime=1207077072 ./linux/sys/stack.h
24713db3 size=1129    mtime=1207172544 ./linux/sys/stat.h
5123264e size=174     mtime=1207170255 ./linux/sys/statvfs.h
00000000 size=0       mtime=1207600934 ./linux/sys/stdint.h
00000000 size=0       mtime=1207089585 ./linux/sys/stream.h
7f213c9d size=428     mtime=1206901852 ./linux/sys/sysi86.h
00000000 size=0       mtime=1206892306 ./linux/sys/systeminfo.h
699b91f2 size=90      mtime=1206885893 ./linux/sys/systm.h
00000000 size=0       mtime=1207170359 ./linux/sys/task.h
00000000 size=0       mtime=1206908539 ./linux/sys/time_impl.h
532c7b64 size=121     mtime=1208717054 ./linux/sys/types.h
1e973745 size=2601    mtime=1206909006 ./linux/sys/types32.h
3c180ec7 size=644     mtime=1208808217 ./linux/sys/vmem.h
58df35a2 size=16      mtime=1207260090 ./linux/sys/zmod.h
2eea41b5 size=234     mtime=1207086198 ./linux/zone.h
4890e2ce size=1690    mtime=1209417033 ./makefile
41fa1a58 size=3412    mtime=1106592659 ./uts/common/ctf/ctf_mod.c
f1591f15 size=1567    mtime=1106592659 ./uts/common/ctf/ctf_subr.c
340ba4c1 size=1430    mtime=1106592659 ./uts/common/ctf/mapfile
5bbbf322 size=333706  mtime=1208119208 ./uts/common/dtrace/dtrace.c
88a166ca size=393     mtime=1106592660 ./uts/common/dtrace/dtrace.conf
c9e83bce size=62324   mtime=1106592695 ./uts/common/dtrace/fasttrap.c
7e72c839 size=8261    mtime=1106592660 ./uts/common/dtrace/lockstat.c
0cd5e832 size=397     mtime=1106592660 ./uts/common/dtrace/lockstat.conf
4c1aef6c size=13044   mtime=1106592660 ./uts/common/dtrace/profile.c
9d0201dd size=395     mtime=1106592660 ./uts/common/dtrace/profile.conf
ce7eea1b size=6635    mtime=1106592660 ./uts/common/dtrace/sdt_subr.c
00051b05 size=8465    mtime=1106592660 ./uts/common/dtrace/systrace.c
e130ce61 size=397     mtime=1106592660 ./uts/common/dtrace/systrace.conf
3719cc02 size=8521    mtime=1106592660 ./uts/common/os/dtrace_subr.c
3f11280d size=994     mtime=1106592660 ./uts/common/os/lockstat_subr.c
d0f691c0 size=14100   mtime=1208808348 ./uts/common/sys/ctf.h
d97f0f94 size=8679    mtime=1209250824 ./uts/common/sys/ctf_api.h
1e6a19d8 size=91940   mtime=1209211563 ./uts/common/sys/dtrace.h
c714d104 size=61266   mtime=1209249982 ./uts/common/sys/dtrace_impl.h
fab837b7 size=2307    mtime=1106592661 ./uts/common/sys/fasttrap.h
685c4589 size=4664    mtime=1106592661 ./uts/common/sys/fasttrap_impl.h
c54ab618 size=4128    mtime=1106592661 ./uts/common/sys/lockstat.h
75ccb4af size=5089    mtime=1106592661 ./uts/common/sys/sdt.h
3d1bf7df size=2021    mtime=1106592661 ./uts/common/sys/sdt_impl.h
b354edbd size=1307    mtime=1106592661 ./uts/common/sys/systrace.h
d044a079 size=8753    mtime=1106592661 ./uts/i86pc/os/dtrace_subr.c
16ffd33b size=1009    mtime=1106592662 ./uts/intel/ctf/Makefile
2c28cef2 size=967     mtime=1106592662 ./uts/intel/dtrace/Makefile
95e2691f size=6716    mtime=1106592662 ./uts/intel/dtrace/dtrace_asm.s
6bf6d9f0 size=15037   mtime=1208383991 ./uts/intel/dtrace/dtrace_isa.c
d6be1278 size=959     mtime=1106592662 ./uts/intel/dtrace/fasttrap.conf
188a0643 size=39188   mtime=1106592662 ./uts/intel/dtrace/fasttrap_isa.c
d44c7240 size=18028   mtime=1106592662 ./uts/intel/dtrace/fbt.c
ac92239f size=387     mtime=1106592662 ./uts/intel/dtrace/fbt.conf
9db7d727 size=9665    mtime=1106592662 ./uts/intel/dtrace/sdt.c
88719966 size=394     mtime=1106592662 ./uts/intel/dtrace/sdt.conf
d2018d31 size=1157    mtime=1106592662 ./uts/intel/fasttrap/Makefile
8ef26f3e size=1135    mtime=1106592663 ./uts/intel/lockstat/Makefile
5460a7d0 size=1138    mtime=1106592663 ./uts/intel/profile/Makefile
89c514b3 size=1125    mtime=1106592663 ./uts/intel/sdt/Makefile
06782368 size=2406    mtime=1106592663 ./uts/intel/sys/fasttrap_isa.h
4ac8e243 size=1141    mtime=1106592663 ./uts/intel/systrace/Makefile
5a9c690c size=1033    mtime=1106592663 ./uts/sparc/ctf/Makefile
caa631fb size=1228    mtime=1106592663 ./uts/sparc/dtrace/Makefile
aa7be63b size=11708   mtime=1106592663 ./uts/sparc/dtrace/dtrace_asm.s
144747ee size=19244   mtime=1106592663 ./uts/sparc/dtrace/dtrace_isa.c
d6be1278 size=959     mtime=1106592663 ./uts/sparc/dtrace/fasttrap.conf
8bfae0a9 size=40690   mtime=1106592663 ./uts/sparc/dtrace/fasttrap_isa.c
2d5d9a86 size=41459   mtime=1106592663 ./uts/sparc/dtrace/fbt.c
ac92239f size=387     mtime=1106592664 ./uts/sparc/dtrace/fbt.conf
ff06bf8e size=10868   mtime=1106592664 ./uts/sparc/dtrace/sdt.c
8eaa0029 size=387     mtime=1106592664 ./uts/sparc/dtrace/sdt.conf
f26929d5 size=1157    mtime=1106592664 ./uts/sparc/fasttrap/Makefile
4f86ad67 size=1158    mtime=1106592664 ./uts/sparc/lockstat/Makefile
ac0cbfe5 size=1162    mtime=1106592664 ./uts/sparc/profile/Makefile
38588738 size=1153    mtime=1106592664 ./uts/sparc/sdt/Makefile
255443af size=2268    mtime=1106592664 ./uts/sparc/sys/fasttrap_isa.h
43b77010 size=1158    mtime=1106592664 ./uts/sparc/systrace/Makefile
375d4341 size=5372    mtime=1106592664 ./uts/sun4/os/dtrace_subr.c
