ea57e7a4 size=609     mtime=1210004228 ./Makefile
75f6c04f size=3302    mtime=1106592644 ./ctf_hash.c
6bd2482c size=7768    mtime=1209976636 ./ctf_lookup.c
86c88651 size=3978    mtime=1210003947 ./ctf_mod.c
8053f004 size=26430   mtime=1209976544 ./ctf_open.c
9f4023ec size=2210    mtime=1209938771 ./ctf_subr.c
01c3af7b size=22382   mtime=1209976593 ./ctf_types.c
b43bc101 size=2692    mtime=1106592645 ./ctf_util.c
a4dfaf28 size=125     mtime=1209915518 ./cyclic.c
df4b6018 size=113945  mtime=1209891480 ./dis_tables.c
021c331d size=3096    mtime=1209891441 ./dis_tables.h
9eda0a28 size=338376  mtime=1210016817 ./dtrace.c
94224da0 size=6493    mtime=1208631037 ./dtrace_asm.c
95e2691f size=6716    mtime=1208466971 ./dtrace_asm.s
95d5568b size=18692   mtime=1210006122 ./dtrace_ioctl.c
a264f03a size=15206   mtime=1208559616 ./dtrace_isa.c
fbac8edd size=8631    mtime=1210004532 ./dtrace_linux.c
63d96be4 size=4780    mtime=1209928718 ./dtrace_linux.h
828a47f9 size=8918    mtime=1210003678 ./dtrace_subr.c
c9e83bce size=62324   mtime=1209301111 ./fasttrap.c
1244180f size=2679    mtime=1210003934 ./fasttrap_linux.c
9e6429a8 size=24905   mtime=1210017336 ./fbt_linux.c
3352dc34 size=3838    mtime=1209890275 ./instr_size.c
a8d9f002 size=288     mtime=1210016439 ./load
21054df9 size=1107    mtime=1209975941 ./uncompress.c
