992b1e36 size=63      mtime=1209207965 ./.gdbinit
6982558d size=2106    mtime=1106592637 ./demo/Makefile
058f3427 size=245     mtime=1106592635 ./demo/act/time.d
dc43cec4 size=220     mtime=1106592636 ./demo/agg/clear.d
d813e106 size=619     mtime=1106592636 ./demo/agg/dateprof.d
2496d79e size=360     mtime=1106592636 ./demo/agg/denorm.d
6afc5e21 size=71      mtime=1106592636 ./demo/agg/lquantize.d
bcce1584 size=365     mtime=1106592636 ./demo/agg/normalize.d
1186ce36 size=188     mtime=1106592636 ./demo/agg/renormalize.d
e2bab2bc size=239     mtime=1106592636 ./demo/agg/trunc.d
ac4d67e3 size=67      mtime=1106592636 ./demo/agg/writes.d
d98f0100 size=55      mtime=1106592636 ./demo/agg/writesbycmd.d
6537693e size=61      mtime=1106592636 ./demo/agg/writesbycmdfd.d
03a3ae0a size=147     mtime=1106592636 ./demo/agg/writetime.d
89448fe6 size=152     mtime=1106592636 ./demo/agg/writetimeq.d
9d4aa5d4 size=115     mtime=1106592637 ./demo/anon/iprb.d
2154cf23 size=154     mtime=1106592637 ./demo/buf/ring.d
63ffb7e5 size=2092    mtime=1106592637 ./demo/chapters
3bf34b3d size=229     mtime=1106592637 ./demo/dtrace/begin.d
9f5effdf size=145     mtime=1106592637 ./demo/dtrace/end.d
75d1f5bb size=63      mtime=1106592637 ./demo/dtrace/error.d
cd8dc980 size=197     mtime=1106592637 ./demo/fbt/delay.d
a33a058d size=91      mtime=1106592637 ./demo/fbt/putnext.d
f04067e3 size=83      mtime=1106592637 ./demo/fbt/ssd.d
3eac01af size=415     mtime=1106592637 ./demo/fbt/xioctl.d
e4ab6c81 size=139     mtime=1106592638 ./demo/intro/countdown.d
858bccf7 size=165     mtime=1106592638 ./demo/intro/counter.d
f0862258 size=44      mtime=1106592637 ./demo/intro/hello.d
7a5c2082 size=217     mtime=1106592638 ./demo/intro/rwtime.d
a16d109c size=208     mtime=1106592638 ./demo/intro/trussrw.d
77a39b6d size=179     mtime=1106592638 ./demo/io/applicat.d
046280da size=649     mtime=1106592638 ./demo/io/iocpu.d
b8759753 size=219     mtime=1106592638 ./demo/io/iosnoop.d
45359efa size=1208    mtime=1106592638 ./demo/io/iothrough.d
26fed8a9 size=531     mtime=1106592638 ./demo/io/iotime.d
5a3f156e size=220     mtime=1106592638 ./demo/io/whoio.d
d8487d77 size=207     mtime=1106592638 ./demo/io/whowrite.d
93b9cd24 size=161     mtime=1106592638 ./demo/lockstat/whatlock.d
b28da8ac size=5185    mtime=1106592635 ./demo/mkdemo.pl
946d73c2 size=84      mtime=1106592639 ./demo/out/printa.d
7057b1af size=161     mtime=1106592639 ./demo/proc/lwptime.d
018c3873 size=142     mtime=1106592639 ./demo/proc/progtime.d
10f6080b size=230     mtime=1106592639 ./demo/proc/sig.d
89f72109 size=346     mtime=1106592639 ./demo/proc/whoexec.d
d7fb7b92 size=179     mtime=1106592639 ./demo/profile/prof.d
7703d7bc size=92      mtime=1106592639 ./demo/profile/profpri.d
1d14ecc1 size=585     mtime=1106592639 ./demo/profile/restest.d
cb6398d9 size=527     mtime=1106592639 ./demo/sched/firebird.d
2b556a64 size=310     mtime=1106592640 ./demo/sched/howlong.d
8a7f6ae3 size=403     mtime=1106592639 ./demo/sched/nscd.d
34f54d31 size=113     mtime=1106592640 ./demo/sched/pri.d
c27df7d0 size=213     mtime=1106592640 ./demo/sched/pritime.d
d345ab91 size=180     mtime=1106592640 ./demo/sched/qlen.d
ae8f948e size=144     mtime=1106592640 ./demo/sched/qtime.d
30b7ae87 size=96      mtime=1106592639 ./demo/sched/tick.d
387a3830 size=130     mtime=1106592640 ./demo/sched/ticktime.d
4569d017 size=863     mtime=1106592640 ./demo/sched/whatfor.d
e88deebf size=131     mtime=1106592640 ./demo/sched/where.d
49a5177a size=465     mtime=1106592639 ./demo/sched/whererun.d
4ca34b2a size=387     mtime=1106592640 ./demo/sched/whofor.d
ff4cdd1c size=506     mtime=1106592640 ./demo/sched/whopreempt.d
88a0c11f size=1494    mtime=1106592641 ./demo/sched/whoqueue.d
bcbb7c37 size=271     mtime=1106592640 ./demo/sched/whosteal.d
5ef4c88a size=238     mtime=1106592640 ./demo/sched/xterm.d
198ba0f1 size=247     mtime=1106592641 ./demo/sched/xwork.d
4d933682 size=60      mtime=1106592641 ./demo/script/interp.d
22457391 size=62      mtime=1106592641 ./demo/script/syscall.d
f63d3638 size=60      mtime=1106592641 ./demo/script/tracewrite.d
8751d0ad size=169     mtime=1106592641 ./demo/sdt/callout.d
5909e717 size=577     mtime=1106592641 ./demo/sdt/interval.d
7418c467 size=242     mtime=1106592641 ./demo/sdt/intr.d
d557fd3f size=138     mtime=1106592641 ./demo/spec/spec.d
b8a6de83 size=1492    mtime=1106592641 ./demo/spec/specopen.d
07545f7a size=412     mtime=1106592641 ./demo/struct/kstat.d
5ed2717e size=700     mtime=1106592641 ./demo/struct/ksyms.d
b742388a size=955     mtime=1106592641 ./demo/struct/rwinfo.d
9b86d400 size=1962    mtime=1099337326 ./demo/sunlogo.gif
3e50c253 size=261     mtime=1106592642 ./demo/sysinfo/find.d
0d942f49 size=184     mtime=1106592642 ./demo/user/badopen.d
ef728c6e size=356     mtime=1106592642 ./demo/user/errorpath.d
886f9741 size=55      mtime=1106592642 ./demo/user/libc.d
6f0112f6 size=141     mtime=1106592642 ./demo/user/userfunc.d
a6f48258 size=728     mtime=1106592642 ./demo/vars/clause.d
2da40423 size=327     mtime=1106592642 ./demo/vars/rtime.d
6569bd71 size=627     mtime=1106592642 ./demo/vminfo/soffice.d
09846860 size=35861   mtime=1207601166 ./dtrace.c
beff9f56 size=598     mtime=1209208507 ./makefile
