00000000 size=0       mtime=1207434066 ./ctf/.ctf_mod.o.d
0fa20738 size=194     mtime=1207434016 ./ctf/Makefile
2f5ded49 size=4954    mtime=1207434063 ./ctf/ctf_mod.c
f1591f15 size=1567    mtime=1207386346 ./ctf/ctf_subr.c
dbf672d7 size=63      mtime=1207426157 ./ctf/make-me
340ba4c1 size=1430    mtime=1207386346 ./ctf/mapfile
9f616cb6 size=686     mtime=1209293601 ./dtrace/Makefile
00000000 size=0       mtime=1208298370 ./dtrace/Module.symvers
17787deb size=534     mtime=1209200494 ./dtrace/checksum.lst
968cfdb7 size=337936  mtime=1209758636 ./dtrace/dtrace.c
94224da0 size=6493    mtime=1208631037 ./dtrace/dtrace_asm.c
95e2691f size=6716    mtime=1208466971 ./dtrace/dtrace_asm.s
54428b58 size=17960   mtime=1209423010 ./dtrace/dtrace_ioctl.c
a264f03a size=15206   mtime=1208559616 ./dtrace/dtrace_isa.c
ca3938e4 size=7166    mtime=1209757985 ./dtrace/dtrace_linux.c
3675603e size=4857    mtime=1209758072 ./dtrace/dtrace_linux.h
6bdd04a8 size=8713    mtime=1208724671 ./dtrace/dtrace_subr.c
6f4ce7b9 size=599     mtime=1209302548 ./fasttrap/Makefile
00000000 size=0       mtime=1209302612 ./fasttrap/Module.symvers
c9e83bce size=62324   mtime=1209301111 ./fasttrap/fasttrap.c
6d34bc62 size=2773    mtime=1209302610 ./fasttrap/fasttrap_linux.c
00000000 size=0       mtime=1209505836 ./fbt/.fbt.o.d
694c5d23 size=610     mtime=1209755047 ./fbt/Makefile
00000000 size=0       mtime=1209507461 ./fbt/Module.symvers
d5a7273f size=264     mtime=1209758571 ./fbt/checksum.lst
95757738 size=8928    mtime=1209755268 ./fbt/dtrace_subr.c
24a816c7 size=23393   mtime=1209754635 ./fbt/fbt_linux.c
00000000 size=0       mtime=1207475588 ./include/features.h
00000000 size=0       mtime=1207490163 ./include/sys/atomic.h
00000000 size=0       mtime=1207490168 ./include/sys/cmn_err.h
f9288166 size=2557    mtime=1207504852 ./include/sys/cpuvar_defs.h
00000000 size=0       mtime=1207492681 ./include/sys/cred_impl.h
03ba542e size=7853    mtime=1206886091 ./include/sys/int_limits.h
00000000 size=0       mtime=1206909027 ./include/sys/int_types.h
00000000 size=0       mtime=1207492664 ./include/sys/mutex_impl.h
00000000 size=0       mtime=1207490172 ./include/sys/panic.h
00000000 size=0       mtime=1207492677 ./include/sys/policy.h
00000000 size=0       mtime=1207492675 ./include/sys/priv_impl.h
00000000 size=0       mtime=1207492669 ./include/sys/rwlock_impl.h
f8ac2ae8 size=11282   mtime=1209757941 ./include/sys/stdint.h
00000000 size=0       mtime=1207492689 ./include/sys/taskq.h
0d983f63 size=25      mtime=1208717953 ./include/sys/time.h
1e973745 size=2601    mtime=1206909006 ./include/sys/types32.h
00000000 size=0       mtime=1207492694 ./include/sys/zone.h
00000000 size=0       mtime=1207475599 ./include/zone.h
96b02885 size=136     mtime=1209302517 ./make-me
