4aa21e91 size=3118    mtime=1106592646 ./drti.c
0b994dd4 size=21755   mtime=1206882826 ./dt_aggregate.c
bd5d5d6f size=10683   mtime=1206886172 ./dt_as.c
f6341fad size=1340    mtime=1106592646 ./dt_as.h
e623d2da size=57016   mtime=1206886333 ./dt_cc.c
049b9407 size=54798   mtime=1206886469 ./dt_cg.c
845625e2 size=35145   mtime=1206886503 ./dt_consume.c
3df971de size=28847   mtime=1206886592 ./dt_decl.c
343893b0 size=3399    mtime=1106592647 ./dt_decl.h
4e522e80 size=14176   mtime=1206886611 ./dt_dis.c
9305a8d8 size=31670   mtime=1206886622 ./dt_dof.c
05cb784c size=6764    mtime=1206886639 ./dt_error.c
617eeb2b size=11061   mtime=1207605061 ./dt_errtags.c
9fbf0320 size=11031   mtime=1106592647 ./dt_errtags.h
5fc357c5 size=2798    mtime=1206886379 ./dt_grammar.h
2ac72a08 size=20918   mtime=1106592647 ./dt_grammar.y
958548a3 size=8218    mtime=1206886672 ./dt_handle.c
b21764ba size=23519   mtime=1206886684 ./dt_ident.c
d08460d1 size=6693    mtime=1106592648 ./dt_ident.h
d4d16a6c size=28077   mtime=1207769175 ./dt_impl.h
b9086680 size=2029    mtime=1206886737 ./dt_inttab.c
a0029a59 size=1714    mtime=1106592652 ./dt_inttab.h
13939830 size=100971  mtime=1207774526 ./dt_lex.c
fa883d69 size=22175   mtime=1207774524 ./dt_lex.l
827f5769 size=21455   mtime=1207693878 ./dt_lex.l.orig
6b37a606 size=28498   mtime=1206886761 ./dt_link.c
bcc4e354 size=2120    mtime=1106592648 ./dt_list.c
425038ea size=936     mtime=1106592649 ./dt_list.h
45c539c1 size=8927    mtime=1106592649 ./dt_map.c
88aa78a4 size=33675   mtime=1207602177 ./dt_module.c
2d959285 size=1168    mtime=1106592649 ./dt_module.h
a020f50a size=46396   mtime=1209208684 ./dt_open.c
003a790e size=19060   mtime=1206886879 ./dt_options.c
a2c55d53 size=129390  mtime=1206886902 ./dt_parser.c
8a2ff222 size=9559    mtime=1106592649 ./dt_parser.h
701669d8 size=15029   mtime=1206886867 ./dt_pid.c
5d2df77a size=1237    mtime=1106592650 ./dt_pid.h
694d93df size=12448   mtime=1106592650 ./dt_pragma.c
8565d1b8 size=41566   mtime=1207260416 ./dt_printf.c
a5725305 size=4110    mtime=1106592650 ./dt_printf.h
475827d4 size=31258   mtime=1106592650 ./dt_proc.c
fefe33a4 size=3689    mtime=1106592650 ./dt_proc.h
63cba388 size=6917    mtime=1206896367 ./dt_program.c
7360cd97 size=5761    mtime=1206896345 ./dt_provider.c
cf1689f0 size=2270    mtime=1106592650 ./dt_provider.h
9dade179 size=1906    mtime=1207261158 ./dt_regset.c
ce9f13e4 size=909     mtime=1106592650 ./dt_regset.h
e51d606f size=5550    mtime=1106592650 ./dt_string.c
b38ea7af size=840     mtime=1106592651 ./dt_string.h
24c6e0c0 size=5066    mtime=1206896247 ./dt_strtab.c
f5f61811 size=1768    mtime=1106592651 ./dt_strtab.h
830d1582 size=16761   mtime=1206896196 ./dt_subr.c
9aa2ecf1 size=4609    mtime=1206896180 ./dt_work.c
a6d8a637 size=6184    mtime=1206892500 ./dt_xlator.c
5bec2110 size=2092    mtime=1106592651 ./dt_xlator.h
5ff8a589 size=20445   mtime=1106592651 ./dtrace.h
39eefab7 size=4181    mtime=1106592649 ./io.d.in
d551135e size=957     mtime=1106592651 ./io.sed.in
c9240951 size=420     mtime=1106592651 ./llib-ldtrace
9a24a728 size=1260    mtime=1209210949 ./makefile
def4844b size=931     mtime=1106592651 ./mkerrno.sh
694c1e7c size=1106    mtime=1207602685 ./mkerrtags.sh
6343e7a6 size=955     mtime=1106592652 ./mksignal.sh
ae97b196 size=13185   mtime=1106592652 ./procfs.d.in
00c6d232 size=3303    mtime=1106592652 ./procfs.sed.in
1e988ed7 size=2104    mtime=1106592649 ./sched.d
e55a1cae size=1267    mtime=1106592652 ./unistd.d
