0ebf8c08 size=1078    mtime=1207086786 ./door.h
4f86ff9c size=946     mtime=1207076895 ./ieeefp.h
d8c1038c size=374     mtime=1207260980 ./link.h
5648df39 size=9995    mtime=1209211079 ./linux_types.h
da79045e size=23      mtime=1207085716 ./priv.h
34338239 size=505     mtime=1207086499 ./proc_service.h
918004c3 size=25      mtime=1206901288 ./procfs.h
00000000 size=0       mtime=1207170415 ./project.h
fa0c0bd3 size=34      mtime=1206902380 ./rctl.h
b8296b4a size=3518    mtime=1207263006 ./rtld_db.h
1a1c31cd size=59      mtime=1207077188 ./stdio.h
8d27f39a size=181     mtime=1207082270 ./synch.h
2a85bda1 size=950     mtime=1207085447 ./sys/auxv.h
baaf5624 size=1421    mtime=1207261242 ./sys/bitmap.h
6874e73b size=2467    mtime=1207082038 ./sys/corectl.h
0cc9f88c size=1165    mtime=1208034852 ./sys/cpupart.h
d0117e9f size=2320    mtime=1208815170 ./sys/cpuvar.h
a1d2e4a0 size=324     mtime=1208707873 ./sys/cred.h
0b02ef70 size=2640    mtime=1208718013 ./sys/cyclic.h
fd7df395 size=1497    mtime=1207086169 ./sys/elf.h
68dc8c87 size=3487    mtime=1206891858 ./sys/elf_amd64.h
4af90489 size=40      mtime=1206886445 ./sys/fasttrap_isa.h
f6883943 size=2503    mtime=1207076954 ./sys/fault.h
00000000 size=0       mtime=1206908416 ./sys/fp.h
03ba542e size=7853    mtime=1206886091 ./sys/int_limits.h
00000000 size=0       mtime=1206909027 ./sys/int_types.h
492ce3a1 size=26      mtime=1207165330 ./sys/isa_defs.h
00000000 size=0       mtime=1207602026 ./sys/kobj.h
00000000 size=0       mtime=1207602030 ./sys/kobj_impl.h
00000000 size=0       mtime=1207086812 ./sys/lwp.h
00000000 size=0       mtime=1207085671 ./sys/machelf.h
feec95f2 size=859     mtime=1206991675 ./sys/mkdev.h
00000000 size=0       mtime=1206882789 ./sys/modctl.h
795d3162 size=88      mtime=1207602016 ./sys/objfs.h
c49041a4 size=10237   mtime=1207086145 ./sys/old_procfs.h
489998ce size=991     mtime=1207173754 ./sys/priv.h
0b35fe11 size=396     mtime=1207086050 ./sys/proc.h
377e31ce size=972     mtime=1207172814 ./sys/processor.h
eca86124 size=27209   mtime=1207173645 ./sys/procfs.h
819eb14d size=2814    mtime=1207085514 ./sys/procfs_isa.h
c3a3d9e2 size=1588    mtime=1207170533 ./sys/procset.h
00000000 size=0       mtime=1207170363 ./sys/project.h
7944fceb size=420     mtime=1207165087 ./sys/pset.h
b13ff615 size=3321    mtime=1207084869 ./sys/regset.h
a77748fb size=8925    mtime=1207261074 ./sys/signal.h
c163e635 size=4352    mtime=1207077072 ./sys/stack.h
24713db3 size=1129    mtime=1207172544 ./sys/stat.h
5123264e size=174     mtime=1207170255 ./sys/statvfs.h
00000000 size=0       mtime=1207600934 ./sys/stdint.h
00000000 size=0       mtime=1207089585 ./sys/stream.h
7f213c9d size=428     mtime=1206901852 ./sys/sysi86.h
00000000 size=0       mtime=1206892306 ./sys/systeminfo.h
699b91f2 size=90      mtime=1206885893 ./sys/systm.h
00000000 size=0       mtime=1207170359 ./sys/task.h
00000000 size=0       mtime=1206908539 ./sys/time_impl.h
532c7b64 size=121     mtime=1208717054 ./sys/types.h
1e973745 size=2601    mtime=1206909006 ./sys/types32.h
3c180ec7 size=644     mtime=1208808217 ./sys/vmem.h
58df35a2 size=16      mtime=1207260090 ./sys/zmod.h
2eea41b5 size=234     mtime=1207086198 ./zone.h
